<?xml version="1.0" encoding="UTF-8"?>
<!-- Generated by org.testng.reporters.JUnitXMLReporter -->
<testsuite ignored="3" hostname="LAPTOP-23LMGRN3" failures="0" tests="6" name="TestNGTest2" time="0.117" errors="0" timestamp="2026-07-22T06:02:19 GMT-05:00">
  <testcase classname="Test.Day1NormalTest" name="demo2" time="0.002"/>
  <testcase classname="Test.Day2NormalTest" name="demo3" time="0.001"/>
  <testcase classname="Test.Day3Test" name="demo6" time="0.0"/>
  <testcase classname="Test.Day3Test" name="demo7" time="0.002"/>
  <testcase classname="Test.Day3Test" name="demo9" time="0.003"/>
  <testcase classname="Test.Day3Test" name="demo5" time="0.002"/>
  <testcase classname="Test.Day2NormalTest" name="demo4" time="0.0">
    <ignored/>
  </testcase> <!-- demo4 -->
  <testcase classname="Test.Day3Test" name="demo8" time="0.0">
    <ignored/>
  </testcase> <!-- demo8 -->
  <testcase classname="Test.Day1NormalTest" name="demo" time="0.0">
    <ignored/>
  </testcase> <!-- demo -->
</testsuite> <!-- TestNGTest2 -->
