<?xml version="1.0" encoding="UTF-8"?>
<!-- Generated by org.testng.reporters.JUnitXMLReporter -->
<testsuite ignored="1" hostname="LAPTOP-23LMGRN3" failures="0" tests="6" name="TestNGTest2" time="0.073" errors="0" timestamp="2026-07-20T05:29:06 GMT-05:00">
  <testcase classname="Test.Day1NormalTest" name="demo2" time="0.007"/>
  <testcase classname="Test.Day2NormalTest" name="demo3" time="0.001"/>
  <testcase classname="Test.Day2NormalTest" name="demo4" time="0.001"/>
  <testcase classname="Test.Day3Test" name="demo5" time="0.0"/>
  <testcase classname="Test.Day3Test" name="demo6" time="0.001"/>
  <testcase classname="Test.Day3Test" name="demo7" time="0.001"/>
  <testcase classname="Test.Day1NormalTest" name="demo" time="0.0">
    <ignored/>
  </testcase> <!-- demo -->
</testsuite> <!-- TestNGTest2 -->
