<?xml version="1.0" encoding="UTF-8"?>
<!-- Generated by org.testng.reporters.JUnitXMLReporter -->
<testsuite ignored="0" hostname="LAPTOP-23LMGRN3" failures="0" tests="3" name="TestNGTest3" time="0.006" errors="0" timestamp="2026-07-19T14:50:25 GMT-05:00">
  <testcase classname="Test.CarLoanTest" name="CanAutoTest" time="0.0"/>
  <testcase classname="Test.CarLoanTest" name="CarTest" time="0.001"/>
  <testcase classname="Test.CarLoanTest" name="CarWebtest" time="0.001"/>
</testsuite> <!-- TestNGTest3 -->
