<?xml version="1.0" encoding="UTF-8"?>
<!-- Generated by org.testng.reporters.JUnitXMLReporter -->
<testsuite ignored="1" hostname="LAPTOP-23LMGRN3" failures="0" tests="2" name="TestNGTest3" time="0.003" errors="0" timestamp="2026-07-22T06:51:47 GMT-05:00">
  <testcase classname="Test.CarLoanTest" name="CanAutoTest" time="0.001"/>
  <testcase classname="Test.CarLoanTest" name="CarTest" time="0.0"/>
  <testcase classname="Test.CarLoanTest" name="CarWebtest" time="0.0">
    <ignored/>
  </testcase> <!-- CarWebtest -->
</testsuite> <!-- TestNGTest3 -->
