<?xml version="1.0" encoding="UTF-8"?>
<testng-results ignored="0" total="1" passed="1" failed="0" skipped="0">
  <reporter-output>
  </reporter-output>
  <suite started-at="2026-07-17T07:27:52 GMT-05:00" name="Surefire suite" finished-at="2026-07-17T07:27:52 GMT-05:00" duration-ms="54">
    <groups>
    </groups>
    <test started-at="2026-07-17T07:27:52 GMT-05:00" name="Surefire test" finished-at="2026-07-17T07:27:52 GMT-05:00" duration-ms="54">
      <class name="Test.Day1NormalTest">
        <test-method signature="demo()[pri:0, instance:Test.Day1NormalTest@442675e1]" started-at="2026-07-17T07:27:52 GMT-05:00" name="demo" finished-at="2026-07-17T07:27:52 GMT-05:00" duration-ms="6" status="PASS">
          <reporter-output>
          </reporter-output>
        </test-method> <!-- demo -->
      </class> <!-- Test.Day1NormalTest -->
    </test> <!-- Surefire test -->
  </suite> <!-- Surefire suite -->
</testng-results>
