<?xml version="1.0" encoding="UTF-8"?>
<testng-results ignored="2" total="10" passed="8" failed="0" skipped="0">
  <reporter-output>
  </reporter-output>
  <suite started-at="2026-07-20T04:59:56 GMT-05:00" name="TestNGTest" finished-at="2026-07-20T04:59:56 GMT-05:00" duration-ms="191">
    <groups>
    </groups>
    <test started-at="2026-07-20T04:59:56 GMT-05:00" name="TestNGTest2" finished-at="2026-07-20T04:59:56 GMT-05:00" duration-ms="78">
      <class name="Test.Day3Test">
        <test-method signature="demo5()[pri:0, instance:Test.Day3Test@58c1670b]" started-at="2026-07-20T04:59:56 GMT-05:00" name="demo5" finished-at="2026-07-20T04:59:56 GMT-05:00" duration-ms="1" status="PASS">
          <reporter-output>
          </reporter-output>
        </test-method> <!-- demo5 -->
        <test-method signature="demo6()[pri:0, instance:Test.Day3Test@58c1670b]" started-at="2026-07-20T04:59:56 GMT-05:00" name="demo6" finished-at="2026-07-20T04:59:56 GMT-05:00" duration-ms="2" status="PASS">
          <reporter-output>
          </reporter-output>
        </test-method> <!-- demo6 -->
        <test-method signature="demo7()[pri:0, instance:Test.Day3Test@58c1670b]" started-at="2026-07-20T04:59:56 GMT-05:00" name="demo7" finished-at="2026-07-20T04:59:56 GMT-05:00" duration-ms="2" status="PASS">
          <reporter-output>
          </reporter-output>
        </test-method> <!-- demo7 -->
      </class> <!-- Test.Day3Test -->
      <class name="Test.Day1NormalTest">
        <test-method signature="demo2()[pri:0, instance:Test.Day1NormalTest@436e852b]" started-at="2026-07-20T04:59:56 GMT-05:00" name="demo2" finished-at="2026-07-20T04:59:56 GMT-05:00" duration-ms="6" status="PASS">
          <reporter-output>
          </reporter-output>
        </test-method> <!-- demo2 -->
      </class> <!-- Test.Day1NormalTest -->
      <class name="Test.Day2NormalTest">
        <test-method signature="demo3()[pri:0, instance:Test.Day2NormalTest@587d1d39]" started-at="2026-07-20T04:59:56 GMT-05:00" name="demo3" finished-at="2026-07-20T04:59:56 GMT-05:00" duration-ms="0" status="PASS">
          <reporter-output>
          </reporter-output>
        </test-method> <!-- demo3 -->
        <test-method signature="demo4()[pri:0, instance:Test.Day2NormalTest@587d1d39]" started-at="2026-07-20T04:59:56 GMT-05:00" name="demo4" finished-at="2026-07-20T04:59:56 GMT-05:00" duration-ms="1" status="PASS">
          <reporter-output>
          </reporter-output>
        </test-method> <!-- demo4 -->
      </class> <!-- Test.Day2NormalTest -->
    </test> <!-- TestNGTest2 -->
    <test started-at="2026-07-20T04:59:56 GMT-05:00" name="TestNGTest3" finished-at="2026-07-20T04:59:56 GMT-05:00" duration-ms="6">
      <class name="Test.CarLoanTest">
        <test-method signature="CanAutoTest()[pri:0, instance:Test.CarLoanTest@eb21112]" started-at="2026-07-20T04:59:56 GMT-05:00" name="CanAutoTest" finished-at="2026-07-20T04:59:56 GMT-05:00" duration-ms="1" status="PASS">
          <reporter-output>
          </reporter-output>
        </test-method> <!-- CanAutoTest -->
        <test-method signature="CarTest()[pri:0, instance:Test.CarLoanTest@eb21112]" started-at="2026-07-20T04:59:56 GMT-05:00" name="CarTest" finished-at="2026-07-20T04:59:56 GMT-05:00" duration-ms="1" status="PASS">
          <reporter-output>
          </reporter-output>
        </test-method> <!-- CarTest -->
      </class> <!-- Test.CarLoanTest -->
    </test> <!-- TestNGTest3 -->
  </suite> <!-- TestNGTest -->
</testng-results>
