<?xml version="1.0" encoding="UTF-8"?>
<!-- Generated by org.testng.reporters.JUnitReportReporter -->
<testsuite hostname="LAPTOP-23LMGRN3" failures="0" tests="3" name="Test.CarLoanTest" time="0.002" errors="0" timestamp="2026-07-19T14:50:25 GMT-05:00" skipped="0">
  <testcase classname="Test.CarLoanTest" name="CarWebtest" time="0.001"/>
  <testcase classname="Test.CarLoanTest" name="CarTest" time="0.001"/>
  <testcase classname="Test.CarLoanTest" name="CanAutoTest" time="0.000"/>
</testsuite> <!-- Test.CarLoanTest -->
