<?xml version="1.0" encoding="UTF-8"?>
<!-- Generated by org.testng.reporters.JUnitReportReporter -->
<testsuite hostname="LAPTOP-23LMGRN3" failures="0" tests="5" name="Test.Day3Test" time="0.004" errors="0" timestamp="2026-07-22T06:51:48 GMT-05:00" skipped="1">
  <testcase classname="Test.Day3Test" name="demo6" time="0.001"/>
  <testcase classname="Test.Day3Test" name="demo9" time="0.001"/>
  <testcase classname="Test.Day3Test" name="demo7" time="0.001"/>
  <testcase classname="Test.Day3Test" name="demo5" time="0.001"/>
  <testcase classname="Test.Day3Test" name="demo8">
    <skipped/>
  </testcase> <!-- demo8 -->
</testsuite> <!-- Test.Day3Test -->
